<?xml version="1.0" encoding="UTF-8"?>
<!-- Generated by org.testng.reporters.JUnitXMLReporter -->
<testsuite ignored="0" hostname="000D202209" failures="0" tests="3" name="Default test" time="31.776" errors="0" timestamp="2024-02-29T08:29:41 SGT">
  <testcase classname="webtool.tests.Remittance" name="validateListOfModulesInRemittance" time="10.533"/>
  <testcase classname="webtool.tests.Remittance" name="validateRemittancePageRedirection" time="4.67"/>
  <testcase classname="webtool.tests.Remittance" name="validateRemittanceRunnerPageRedirection" time="4.758"/>
</testsuite> <!-- Default test -->
