<?xml version="1.0" encoding="UTF-8"?>
<!-- Generated by org.testng.reporters.JUnitXMLReporter -->
<testsuite ignored="0" hostname="000D202209" failures="0" tests="11" name="Test" time="92.1" errors="0" timestamp="2024-02-29T08:47:40 SGT">
  <testcase classname="webtool.tests.Seller" name="validateCLusterAssignmentForNonFood" time="10.825"/>
  <testcase classname="webtool.tests.Seller" name="validateCLusterAssignmentForNonFood" time="5.043"/>
  <testcase classname="webtool.tests.Seller" name="validateCLusterAssignmentForNonFood" time="3.194"/>
  <testcase classname="webtool.tests.Seller" name="validateCLusterAssignmentForNonFood" time="3.875"/>
  <testcase classname="webtool.tests.Seller" name="validateCLusterAssignmentForNonFood" time="4.354"/>
  <testcase classname="webtool.tests.Seller" name="validateCLusterAssignmentForNonFood" time="2.688"/>
  <testcase classname="webtool.tests.Seller" name="validateClusterAssignmentForFood" time="4.535"/>
  <testcase classname="webtool.tests.Seller" name="validateClusterAssignmentForFood" time="4.464"/>
  <testcase classname="webtool.tests.Remittance" name="validateListOfModulesInRemittance" time="4.013"/>
  <testcase classname="webtool.tests.Remittance" name="validateRemittancePageRedirection" time="4.053"/>
  <testcase classname="webtool.tests.Remittance" name="validateRemittanceRunnerPageRedirection" time="4.004"/>
</testsuite> <!-- Test -->
